/lsxpl_v2/admin -> /lsxpl_v2/index.php
/lsxpl_v2/style.css -> /lsxpl_v2/style.css
/lsxpl_v2/app.js -> /lsxpl_v2/app.js
/lsxpl_v2/logo.png -> /lsxpl_v2/logo.png
/lspl.xyz_v2/admin -> /lspl.xyz_v2/admin
/lspl.xyz_v2/style.css -> /lspl.xyz_v2/style.css
/lspl.xyz_v2/logo.png -> /lspl.xyz_v2/logo.png
/lspl.xyz_v2/app.js -> /lspl.xyz_v2/app.js
/lspl.xyz_v2/admin?action=logout -> /lspl.xyz_v2/admin
/lspl.xyz_v2/ -> /lspl.xyz_v2/
/style.css -> /style.css
/app.js -> /app.js
/logo.png?v=1781377317 -> /logo.png
/uploads/blog_fullstack-developer-roadmap.png -> /uploads/blog_fullstack-developer-roadmap.png
/uploads/blog_cybersecurity-defensive-architecture.png -> /uploads/blog_cybersecurity-defensive-architecture.png
/uploads/blog_demand-headless-cms-jamstack-developers.png -> /uploads/blog_demand-headless-cms-jamstack-developers.png
/lspl.xyz_v2/ -> /lspl.xyz_v2/
/style.css -> /style.css
/logo.png?v=1781377317 -> /logo.png
/uploads/blog_fullstack-developer-roadmap.png -> /uploads/blog_fullstack-developer-roadmap.png
/app.js -> /app.js
/uploads/blog_cybersecurity-defensive-architecture.png -> /uploads/blog_cybersecurity-defensive-architecture.png
/uploads/blog_demand-headless-cms-jamstack-developers.png -> /uploads/blog_demand-headless-cms-jamstack-developers.png
/logo.png?v=1781377317 -> /logo.png
/ -> /
/lspl.xyz_v2/admin -> /lspl.xyz_v2/admin
/longwaysoftronix_v2/admin -> /longwaysoftronix_v2/index.php
/longwaysoftronix_v2/style.css -> /longwaysoftronix_v2/style.css
/longwaysoftronix_v2/logo.png -> /longwaysoftronix_v2/logo.png
/longwaysoftronix_v2/app.js -> /longwaysoftronix_v2/app.js
/longwaysoftronix_v2/ -> /longwaysoftronix_v2/index.php
/longwaysoftronix_v2/style.css -> /longwaysoftronix_v2/style.css
/longwaysoftronix_v2/logo.png?v=1781377316 -> /longwaysoftronix_v2/logo.png
/longwaysoftronix_v2/uploads/blog_laravel-enterprise-scale.png -> /longwaysoftronix_v2/uploads/blog_laravel-enterprise-scale.png
/longwaysoftronix_v2/app.js -> /longwaysoftronix_v2/app.js
/longwaysoftronix_v2/uploads/blog_custom-ecommerce-architectures.png -> /longwaysoftronix_v2/uploads/blog_custom-ecommerce-architectures.png
/longwaysoftronix_v2/uploads/blog_native-mobile-design-blueprint.png -> /longwaysoftronix_v2/uploads/blog_native-mobile-design-blueprint.png
/longwaysoftronix_v2/uploads/pawan.jpg -> /longwaysoftronix_v2/uploads/pawan.jpg
/lsxpl_v2/ -> /lsxpl_v2/index.php
/lsxpl_v2/style.css -> /lsxpl_v2/style.css
/lsxpl_v2/logo-dark.png?v=1781363279 -> /lsxpl_v2/logo-dark.png
/lsxpl_v2/uploads/blog_low-latency-ai-voice-agents.png -> /lsxpl_v2/uploads/blog_low-latency-ai-voice-agents.png
/lsxpl_v2/app.js -> /lsxpl_v2/app.js
/lsxpl_v2/uploads/blog_prompt-injection-saas-security.png -> /lsxpl_v2/uploads/blog_prompt-injection-saas-security.png
/lsxpl_v2/uploads/blog_ocr-invoice-parsing-predictive-pharmacy-pos.png -> /lsxpl_v2/uploads/blog_ocr-invoice-parsing-predictive-pharmacy-pos.png
/lsxpl_v2/logo-dark.png -> /lsxpl_v2/logo-dark.png
/lspl.xyz_v2/ -> /lspl.xyz_v2/
/style.css -> /style.css
/app.js -> /app.js
/logo.png?v=1781377317 -> /logo.png
/uploads/blog_fullstack-developer-roadmap.png -> /uploads/blog_fullstack-developer-roadmap.png
/uploads/blog_cybersecurity-defensive-architecture.png -> /uploads/blog_cybersecurity-defensive-architecture.png
/uploads/blog_demand-headless-cms-jamstack-developers.png -> /uploads/blog_demand-headless-cms-jamstack-developers.png
